INFO	?	main	2016-09-28T12:12:59.629Z	org.javacs.Main#connectToNode	Connected to parent using socket on port 55282
INFO	?	main	2016-09-28T12:13:00.226Z	org.javacs.JavaLanguageServer#doLint	Lint e:\AndroidProjects\SHUCampus\app\src\main\java\me\stupideme\shucampus\ui\CoursesFragment.java
SEVERE	?	main	2016-09-28T12:13:00.240Z	org.javacs.Main$4#onError	Can't find configuration file for e:\AndroidProjects\SHUCampus\app\src\main\java\me\stupideme\shucampus\ui\CoursesFragment.java
org.javacs.ShowMessageException: Can't find configuration file for e:\AndroidProjects\SHUCampus\app\src\main\java\me\stupideme\shucampus\ui\CoursesFragment.java
	at org.javacs.ShowMessageException.create(ShowMessageException.java:30)
	at org.javacs.ShowMessageException.warning(ShowMessageException.java:21)
	at org.javacs.JavaLanguageServer$1.didOpen(JavaLanguageServer.java:203)
	at io.typefox.lsapi.services.transport.server.LanguageServerEndpoint._doAccept(LanguageServerEndpoint.xtend:198)
	at io.typefox.lsapi.services.transport.server.LanguageServerEndpoint.doAccept(LanguageServerEndpoint.xtend:194)
	at io.typefox.lsapi.services.transport.server.LanguageServerEndpoint.accept(LanguageServerEndpoint.xtend:114)
	at io.typefox.lsapi.services.transport.server.LanguageServerEndpoint.accept(LanguageServerEndpoint.xtend)
	at io.typefox.lsapi.services.transport.AbstractLanguageEndpoint.handleMessage(LanguageEndpoint.xtend:67)
	at io.typefox.lsapi.services.transport.AbstractLanguageEndpoint.lambda$connect$4(LanguageEndpoint.xtend:61)
	at io.typefox.lsapi.services.json.StreamMessageReader$1.apply(StreamMessageReader.java:45)
	at io.typefox.lsapi.services.json.StreamMessageReader$1.apply(StreamMessageReader.java:43)
	at io.typefox.lsapi.services.json.StreamMessageReader.handleMessage(StreamMessageReader.xtend:128)
	at io.typefox.lsapi.services.json.StreamMessageReader.listen(StreamMessageReader.xtend:61)
	at io.typefox.lsapi.services.transport.AbstractLanguageEndpoint.connect(LanguageEndpoint.xtend:60)
	at org.javacs.Main.run(Main.java:150)
	at org.javacs.Main.main(Main.java:69)
Caused by: org.javacs.NoJavaConfigException: Can't find configuration file for e:\AndroidProjects\SHUCampus\app\src\main\java\me\stupideme\shucampus\ui\CoursesFragment.java
	at org.javacs.JavaLanguageServer.lambda$findCompiler$22(JavaLanguageServer.java:462)
	at java.util.Optional.orElseThrow(Optional.java:290)
	at org.javacs.JavaLanguageServer.findCompiler(JavaLanguageServer.java:462)
	at org.javacs.JavaLanguageServer.doLint(JavaLanguageServer.java:310)
	at org.javacs.JavaLanguageServer.access$400(JavaLanguageServer.java:31)
	at org.javacs.JavaLanguageServer$1.didOpen(JavaLanguageServer.java:200)
	... 13 more

